<?xml version='1.0' encoding='UTF-8'?>
<testsuite hostname="Vedants-MacBook-Pro.local" name="scala.HomeControllerSpec" tests="3" errors="0" failures="3" skipped="0" time="5.213" timestamp="2023-11-06T13:38:53">
          <properties>
      <property name="awt.toolkit" value="sun.lwawt.macosx.LWCToolkit"/><property name="java.specification.version" value="11"/><property name="sun.cpu.isalist" value=""/><property name="sun.jnu.encoding" value="UTF-8"/><property name="sun.arch.data.model" value="64"/><property name="java.vendor.url" value="https://openjdk.java.net/"/><property name="sun.boot.library.path" value="/Library/Java/JavaVirtualMachines/jdk-11.jdk/Contents/Home/lib"/><property name="sun.java.command" value="/opt/homebrew/Cellar/sbt/1.9.6/libexec/bin/sbt-launch.jar test"/><property name="jdk.debug" value="release"/><property name="java.specification.vendor" value="Oracle Corporation"/><property name="java.version.date" value="2023-04-18"/><property name="java.home" value="/Library/Java/JavaVirtualMachines/jdk-11.jdk/Contents/Home"/><property name="file.separator" value="/"/><property name="java.vm.compressedOopsMode" value="Zero based"/><property name="line.separator" value="
"/><property name="java.specification.name" value="Java Platform API Specification"/><property name="java.vm.specification.vendor" value="Oracle Corporation"/><property name="sun.management.compiler" value="HotSpot 64-Bit Tiered Compilers"/><property name="java.runtime.version" value="11.0.19+9-LTS-224"/><property name="user.name" value="vedant.nemane"/><property name="log4j.ignoreTCL" value="true"/><property name="file.encoding" value="UTF-8"/><property name="java.vendor.version" value="18.9"/><property name="java.io.tmpdir" value="/var/folders/z2/gq3_z7rj7cx2n0xt0_0vnprc0000gn/T/"/><property name="java.version" value="11.0.19"/><property name="java.vm.specification.name" value="Java Virtual Machine Specification"/><property name="java.awt.printerjob" value="sun.lwawt.macosx.CPrinterJob"/><property name="sun.os.patch.level" value="unknown"/><property name="java.library.path" value="/Users/vedant.nemane/Library/Java/Extensions:/Library/Java/Extensions:/Network/Library/Java/Extensions:/System/Library/Java/Extensions:/usr/lib/java:."/><property name="java.vendor" value="Oracle Corporation"/><property name="scala.ext.dirs" value="/Users/vedant.nemane/.sbt/1.0/java9-rt-ext-oracle_corporation_11_0_19"/><property name="sun.io.unicode.encoding" value="UnicodeBig"/><property name="socksNonProxyHosts" value="local|*.local|169.254/16|*.169.254/16"/><property name="gopherProxySet" value="false"/><property name="java.class.path" value="/opt/homebrew/Cellar/sbt/1.9.6/libexec/bin/sbt-launch.jar"/><property name="java.vm.vendor" value="Oracle Corporation"/><property name="jline.shutdownhook" value="false"/><property name="user.timezone" value="Europe/London"/><property name="os.name" value="Mac OS X"/><property name="java.vm.specification.version" value="11"/><property name="sun.java.launcher" value="SUN_STANDARD"/><property name="user.country" value="GB"/><property name="http.nonProxyHosts" value="local|*.local|169.254/16|*.169.254/16"/><property name="sun.cpu.endian" value="little"/><property name="user.home" value="/Users/vedant.nemane"/><property name="user.language" value="en"/><property name="sbt.script" value="/opt/homebrew/Cellar/sbt/1.9.6/libexec/bin/sbt"/><property name="swoval.tmpdir" value="/Users/vedant.nemane/.sbt/1.0"/><property name="java.awt.graphicsenv" value="sun.awt.CGraphicsEnvironment"/><property name="jline.esc.timeout" value="0"/><property name="ftp.nonProxyHosts" value="local|*.local|169.254/16|*.169.254/16"/><property name="path.separator" value=":"/><property name="os.version" value="14.0"/><property name="jna.nosys" value="true"/><property name="java.runtime.name" value="Java(TM) SE Runtime Environment"/><property name="java.vm.name" value="Java HotSpot(TM) 64-Bit Server VM"/><property name="java.vendor.url.bug" value="https://bugreport.java.com/bugreport/"/><property name="user.dir" value="/Users/vedant.nemane/Documents/GitHub/play-template"/><property name="os.arch" value="aarch64"/><property name="java.vm.info" value="mixed mode"/><property name="java.vm.version" value="11.0.19+9-LTS-224"/><property name="java.class.version" value="55.0"/>
    </properties>
          <testcase classname="scala.HomeControllerSpec" name="HomeController GET should render the index page from a new instance of controller" time="0.032">
                      <failure message="org.scalatest.exceptions.TestFailedException: &quot;

&lt;!DOCTYPE html&gt;
&lt;html lang=&quot;en&quot;&gt;
    &lt;head&gt;
        
        &lt;title&gt;This is a Play Scala API demo&lt;/title&gt;
        &lt;link rel=&quot;stylesheet&quot; media=&quot;screen&quot; href=&quot;/assets/stylesheets/main.css&quot;&gt;
        &lt;link rel=&quot;shortcut icon&quot; type=&quot;image/png&quot; href=&quot;/assets/images/favicon.png&quot;&gt;

    &lt;/head&gt;
    &lt;body&gt;
        
        

&lt;div class=&quot;container h-100 d-flex justify-content-center&quot;&gt;

  &lt;div class=&quot;jumbotron my-auto&quot;&gt;

    &lt;div class=&quot;container mb-5&quot;&gt;
      &lt;h1 class=&quot;display-3 row&quot;&gt;This is a Play Scala API Demo&lt;/h1&gt;
    &lt;/div&gt;

    &lt;p class=&quot;lead&quot;&gt;
      A demo project based off the &lt;a href=&quot;https://github.com/miranda-hawkes/induction-tutorials/blob/master/Building-A-RESTful-API-With-Scala-Play/README.md&quot;&gt; Building a RESTful API with Scala and Play &lt;/a&gt; tutorial.
    &lt;/p&gt;

    &lt;p class=&quot;lead mb-5&quot;&gt;This project is deployed via Heroku.&lt;/p&gt;

    &lt;h3&gt;API Documentation&lt;/h3&gt;
    &lt;div class=&quot;justify-content-center&quot;&gt;
      &lt;table class=&quot;table&quot;&gt;
        &lt;thead&gt;
        &lt;tr&gt;
          &lt;th scope=&quot;col&quot;&gt;URL&lt;/th&gt;
          &lt;th scope=&quot;col&quot;&gt;HTTP Method&lt;/th&gt;
          &lt;th scope=&quot;col&quot;&gt;Required Header&lt;/th&gt;
          &lt;th scope=&quot;col&quot;&gt;Body&lt;/th&gt;
        &lt;/tr&gt;
        &lt;/thead&gt;
        &lt;tbody&gt;
        &lt;tr&gt;
          &lt;th scope=&quot;row&quot;&gt;/api&lt;/th&gt;
          &lt;td&gt;&lt;code&gt;GET&lt;/code&gt;&lt;/td&gt;
          &lt;td&gt;None&lt;/td&gt;
          &lt;td&gt;N/A&lt;/td&gt;
        &lt;/tr&gt;
        &lt;tr&gt;
          &lt;th scope=&quot;row&quot;&gt;/api&lt;/th&gt;
          &lt;td&gt;&lt;code&gt;POST&lt;/code&gt;&lt;/td&gt;
          &lt;td&gt;Content-Type: application/json&lt;/td&gt;
          &lt;td&gt;&lt;code&gt;
            &quot;_id&quot; : String
            &lt;br&gt;
            &quot;name&quot; : String
            &lt;br&gt;
            &quot;description&quot; : String
            &lt;br&gt;
            &quot;numSales&quot; : Int
          &lt;/code&gt;&lt;/td&gt;
        &lt;/tr&gt;
        &lt;tr&gt;
          &lt;th scope=&quot;row&quot;&gt;/api/:id&lt;/th&gt;
          &lt;td&gt;&lt;code&gt;GET&lt;/code&gt;&lt;/td&gt;
          &lt;td&gt;None&lt;/td&gt;
          &lt;td&gt;N/A&lt;/td&gt;
        &lt;/tr&gt;
        &lt;tr&gt;
          &lt;th scope=&quot;row&quot;&gt;/api/:id&lt;/th&gt;
          &lt;td&gt;&lt;code&gt;PUT&lt;/code&gt;&lt;/td&gt;
          &lt;td&gt;Content-Type: application/json&lt;/td&gt;
          &lt;td&gt;&lt;code&gt;
            &quot;_id&quot; : String
            &lt;br&gt;
            &quot;name&quot; : String
            &lt;br&gt;
            &quot;description&quot; : String
            &lt;br&gt;
            &quot;numSales&quot; : Int
          &lt;/code&gt;&lt;/td&gt;
        &lt;/tr&gt;
        &lt;tr&gt;
          &lt;th scope=&quot;row&quot;&gt;/api/:id&lt;/th&gt;
          &lt;td&gt;&lt;code&gt;DELETE&lt;/code&gt;&lt;/td&gt;
          &lt;td&gt;Content-Type: application/json&lt;/td&gt;
          &lt;td&gt;N/A&lt;/td&gt;
        &lt;/tr&gt;
        &lt;/tbody&gt;
      &lt;/table&gt;
    &lt;/div&gt;
  &lt;/div&gt;

&lt;/div&gt;


      &lt;script src=&quot;/assets/javascripts/main.js&quot; type=&quot;text/javascript&quot;&gt;&lt;/script&gt;
    &lt;/body&gt;
&lt;/html&gt;

&quot; did not include substring &quot;Welcome to Play&quot;" type="sbt.ForkMain$ForkError">sbt.ForkMain$ForkError: org.scalatest.exceptions.TestFailedException: &quot;

&lt;!DOCTYPE html&gt;
&lt;html lang=&quot;en&quot;&gt;
    &lt;head&gt;
        
        &lt;title&gt;This is a Play Scala API demo&lt;/title&gt;
        &lt;link rel=&quot;stylesheet&quot; media=&quot;screen&quot; href=&quot;/assets/stylesheets/main.css&quot;&gt;
        &lt;link rel=&quot;shortcut icon&quot; type=&quot;image/png&quot; href=&quot;/assets/images/favicon.png&quot;&gt;

    &lt;/head&gt;
    &lt;body&gt;
        
        

&lt;div class=&quot;container h-100 d-flex justify-content-center&quot;&gt;

  &lt;div class=&quot;jumbotron my-auto&quot;&gt;

    &lt;div class=&quot;container mb-5&quot;&gt;
      &lt;h1 class=&quot;display-3 row&quot;&gt;This is a Play Scala API Demo&lt;/h1&gt;
    &lt;/div&gt;

    &lt;p class=&quot;lead&quot;&gt;
      A demo project based off the &lt;a href=&quot;https://github.com/miranda-hawkes/induction-tutorials/blob/master/Building-A-RESTful-API-With-Scala-Play/README.md&quot;&gt; Building a RESTful API with Scala and Play &lt;/a&gt; tutorial.
    &lt;/p&gt;

    &lt;p class=&quot;lead mb-5&quot;&gt;This project is deployed via Heroku.&lt;/p&gt;

    &lt;h3&gt;API Documentation&lt;/h3&gt;
    &lt;div class=&quot;justify-content-center&quot;&gt;
      &lt;table class=&quot;table&quot;&gt;
        &lt;thead&gt;
        &lt;tr&gt;
          &lt;th scope=&quot;col&quot;&gt;URL&lt;/th&gt;
          &lt;th scope=&quot;col&quot;&gt;HTTP Method&lt;/th&gt;
          &lt;th scope=&quot;col&quot;&gt;Required Header&lt;/th&gt;
          &lt;th scope=&quot;col&quot;&gt;Body&lt;/th&gt;
        &lt;/tr&gt;
        &lt;/thead&gt;
        &lt;tbody&gt;
        &lt;tr&gt;
          &lt;th scope=&quot;row&quot;&gt;/api&lt;/th&gt;
          &lt;td&gt;&lt;code&gt;GET&lt;/code&gt;&lt;/td&gt;
          &lt;td&gt;None&lt;/td&gt;
          &lt;td&gt;N/A&lt;/td&gt;
        &lt;/tr&gt;
        &lt;tr&gt;
          &lt;th scope=&quot;row&quot;&gt;/api&lt;/th&gt;
          &lt;td&gt;&lt;code&gt;POST&lt;/code&gt;&lt;/td&gt;
          &lt;td&gt;Content-Type: application/json&lt;/td&gt;
          &lt;td&gt;&lt;code&gt;
            &quot;_id&quot; : String
            &lt;br&gt;
            &quot;name&quot; : String
            &lt;br&gt;
            &quot;description&quot; : String
            &lt;br&gt;
            &quot;numSales&quot; : Int
          &lt;/code&gt;&lt;/td&gt;
        &lt;/tr&gt;
        &lt;tr&gt;
          &lt;th scope=&quot;row&quot;&gt;/api/:id&lt;/th&gt;
          &lt;td&gt;&lt;code&gt;GET&lt;/code&gt;&lt;/td&gt;
          &lt;td&gt;None&lt;/td&gt;
          &lt;td&gt;N/A&lt;/td&gt;
        &lt;/tr&gt;
        &lt;tr&gt;
          &lt;th scope=&quot;row&quot;&gt;/api/:id&lt;/th&gt;
          &lt;td&gt;&lt;code&gt;PUT&lt;/code&gt;&lt;/td&gt;
          &lt;td&gt;Content-Type: application/json&lt;/td&gt;
          &lt;td&gt;&lt;code&gt;
            &quot;_id&quot; : String
            &lt;br&gt;
            &quot;name&quot; : String
            &lt;br&gt;
            &quot;description&quot; : String
            &lt;br&gt;
            &quot;numSales&quot; : Int
          &lt;/code&gt;&lt;/td&gt;
        &lt;/tr&gt;
        &lt;tr&gt;
          &lt;th scope=&quot;row&quot;&gt;/api/:id&lt;/th&gt;
          &lt;td&gt;&lt;code&gt;DELETE&lt;/code&gt;&lt;/td&gt;
          &lt;td&gt;Content-Type: application/json&lt;/td&gt;
          &lt;td&gt;N/A&lt;/td&gt;
        &lt;/tr&gt;
        &lt;/tbody&gt;
      &lt;/table&gt;
    &lt;/div&gt;
  &lt;/div&gt;

&lt;/div&gt;


      &lt;script src=&quot;/assets/javascripts/main.js&quot; type=&quot;text/javascript&quot;&gt;&lt;/script&gt;
    &lt;/body&gt;
&lt;/html&gt;

&quot; did not include substring &quot;Welcome to Play&quot;
	at org.scalatest.matchers.MatchersHelper$.indicateFailure(MatchersHelper.scala:402)
	at org.scalatest.matchers.must.Matchers$MustMethodHelperClass.mustMatcher(Matchers.scala:6783)
	at org.scalatest.matchers.must.Matchers$AnyMustWrapper.must(Matchers.scala:6826)
	at scala.HomeControllerSpec.$anonfun$new$2(HomeControllerSpec.scala:27)
	at org.scalatest.OutcomeOf.outcomeOf(OutcomeOf.scala:85)
	at org.scalatest.OutcomeOf.outcomeOf$(OutcomeOf.scala:83)
	at org.scalatest.OutcomeOf$.outcomeOf(OutcomeOf.scala:104)
	at org.scalatest.Transformer.apply(Transformer.scala:22)
	at org.scalatest.Transformer.apply(Transformer.scala:20)
	at org.scalatest.wordspec.AnyWordSpecLike$$anon$3.apply(AnyWordSpecLike.scala:1077)
	at org.scalatest.TestSuite.withFixture(TestSuite.scala:196)
	at org.scalatest.TestSuite.withFixture$(TestSuite.scala:195)
	at org.scalatest.wordspec.AnyWordSpec.withFixture(AnyWordSpec.scala:1879)
	at org.scalatest.wordspec.AnyWordSpecLike.invokeWithFixture$1(AnyWordSpecLike.scala:1075)
	at org.scalatest.wordspec.AnyWordSpecLike.$anonfun$runTest$1(AnyWordSpecLike.scala:1087)
	at org.scalatest.SuperEngine.runTestImpl(Engine.scala:306)
	at org.scalatest.wordspec.AnyWordSpecLike.runTest(AnyWordSpecLike.scala:1087)
	at org.scalatest.wordspec.AnyWordSpecLike.runTest$(AnyWordSpecLike.scala:1069)
	at org.scalatest.wordspec.AnyWordSpec.runTest(AnyWordSpec.scala:1879)
	at org.scalatest.wordspec.AnyWordSpecLike.$anonfun$runTests$1(AnyWordSpecLike.scala:1146)
	at org.scalatest.SuperEngine.$anonfun$runTestsInBranch$1(Engine.scala:413)
	at scala.collection.immutable.List.foreach(List.scala:333)
	at org.scalatest.SuperEngine.traverseSubNodes$1(Engine.scala:401)
	at org.scalatest.SuperEngine.runTestsInBranch(Engine.scala:390)
	at org.scalatest.SuperEngine.$anonfun$runTestsInBranch$1(Engine.scala:427)
	at scala.collection.immutable.List.foreach(List.scala:333)
	at org.scalatest.SuperEngine.traverseSubNodes$1(Engine.scala:401)
	at org.scalatest.SuperEngine.runTestsInBranch(Engine.scala:396)
	at org.scalatest.SuperEngine.runTestsImpl(Engine.scala:475)
	at org.scalatest.wordspec.AnyWordSpecLike.runTests(AnyWordSpecLike.scala:1146)
	at org.scalatest.wordspec.AnyWordSpecLike.runTests$(AnyWordSpecLike.scala:1145)
	at org.scalatest.wordspec.AnyWordSpec.runTests(AnyWordSpec.scala:1879)
	at org.scalatest.Suite.run(Suite.scala:1112)
	at org.scalatest.Suite.run$(Suite.scala:1094)
	at org.scalatest.wordspec.AnyWordSpec.org$scalatest$wordspec$AnyWordSpecLike$$super$run(AnyWordSpec.scala:1879)
	at org.scalatest.wordspec.AnyWordSpecLike.$anonfun$run$1(AnyWordSpecLike.scala:1191)
	at org.scalatest.SuperEngine.runImpl(Engine.scala:535)
	at org.scalatest.wordspec.AnyWordSpecLike.run(AnyWordSpecLike.scala:1191)
	at org.scalatest.wordspec.AnyWordSpecLike.run$(AnyWordSpecLike.scala:1189)
	at scala.HomeControllerSpec.org$scalatestplus$play$BaseOneAppPerSuite$$super$run(HomeControllerSpec.scala:15)
	at org.scalatestplus.play.BaseOneAppPerSuite.run(BaseOneAppPerSuite.scala:50)
	at org.scalatestplus.play.BaseOneAppPerSuite.run$(BaseOneAppPerSuite.scala:45)
	at scala.HomeControllerSpec.run(HomeControllerSpec.scala:15)
	at org.scalatest.tools.Framework.org$scalatest$tools$Framework$$runSuite(Framework.scala:318)
	at org.scalatest.tools.Framework$ScalaTestTask.execute(Framework.scala:513)
	at sbt.ForkMain$Run.lambda$runTest$1(ForkMain.java:413)
	at java.base/java.util.concurrent.FutureTask.run(FutureTask.java:264)
	at java.base/java.util.concurrent.ThreadPoolExecutor.runWorker(ThreadPoolExecutor.java:1128)
	at java.base/java.util.concurrent.ThreadPoolExecutor$Worker.run(ThreadPoolExecutor.java:628)
	at java.base/java.lang.Thread.run(Thread.java:834)
</failure>
                    </testcase><testcase classname="scala.HomeControllerSpec" name="HomeController GET should render the index page from the application" time="0.021">
                      <failure message="org.scalatest.exceptions.TestFailedException: &quot;

&lt;!DOCTYPE html&gt;
&lt;html lang=&quot;en&quot;&gt;
    &lt;head&gt;
        
        &lt;title&gt;This is a Play Scala API demo&lt;/title&gt;
        &lt;link rel=&quot;stylesheet&quot; media=&quot;screen&quot; href=&quot;/assets/stylesheets/main.css&quot;&gt;
        &lt;link rel=&quot;shortcut icon&quot; type=&quot;image/png&quot; href=&quot;/assets/images/favicon.png&quot;&gt;

    &lt;/head&gt;
    &lt;body&gt;
        
        

&lt;div class=&quot;container h-100 d-flex justify-content-center&quot;&gt;

  &lt;div class=&quot;jumbotron my-auto&quot;&gt;

    &lt;div class=&quot;container mb-5&quot;&gt;
      &lt;h1 class=&quot;display-3 row&quot;&gt;This is a Play Scala API Demo&lt;/h1&gt;
    &lt;/div&gt;

    &lt;p class=&quot;lead&quot;&gt;
      A demo project based off the &lt;a href=&quot;https://github.com/miranda-hawkes/induction-tutorials/blob/master/Building-A-RESTful-API-With-Scala-Play/README.md&quot;&gt; Building a RESTful API with Scala and Play &lt;/a&gt; tutorial.
    &lt;/p&gt;

    &lt;p class=&quot;lead mb-5&quot;&gt;This project is deployed via Heroku.&lt;/p&gt;

    &lt;h3&gt;API Documentation&lt;/h3&gt;
    &lt;div class=&quot;justify-content-center&quot;&gt;
      &lt;table class=&quot;table&quot;&gt;
        &lt;thead&gt;
        &lt;tr&gt;
          &lt;th scope=&quot;col&quot;&gt;URL&lt;/th&gt;
          &lt;th scope=&quot;col&quot;&gt;HTTP Method&lt;/th&gt;
          &lt;th scope=&quot;col&quot;&gt;Required Header&lt;/th&gt;
          &lt;th scope=&quot;col&quot;&gt;Body&lt;/th&gt;
        &lt;/tr&gt;
        &lt;/thead&gt;
        &lt;tbody&gt;
        &lt;tr&gt;
          &lt;th scope=&quot;row&quot;&gt;/api&lt;/th&gt;
          &lt;td&gt;&lt;code&gt;GET&lt;/code&gt;&lt;/td&gt;
          &lt;td&gt;None&lt;/td&gt;
          &lt;td&gt;N/A&lt;/td&gt;
        &lt;/tr&gt;
        &lt;tr&gt;
          &lt;th scope=&quot;row&quot;&gt;/api&lt;/th&gt;
          &lt;td&gt;&lt;code&gt;POST&lt;/code&gt;&lt;/td&gt;
          &lt;td&gt;Content-Type: application/json&lt;/td&gt;
          &lt;td&gt;&lt;code&gt;
            &quot;_id&quot; : String
            &lt;br&gt;
            &quot;name&quot; : String
            &lt;br&gt;
            &quot;description&quot; : String
            &lt;br&gt;
            &quot;numSales&quot; : Int
          &lt;/code&gt;&lt;/td&gt;
        &lt;/tr&gt;
        &lt;tr&gt;
          &lt;th scope=&quot;row&quot;&gt;/api/:id&lt;/th&gt;
          &lt;td&gt;&lt;code&gt;GET&lt;/code&gt;&lt;/td&gt;
          &lt;td&gt;None&lt;/td&gt;
          &lt;td&gt;N/A&lt;/td&gt;
        &lt;/tr&gt;
        &lt;tr&gt;
          &lt;th scope=&quot;row&quot;&gt;/api/:id&lt;/th&gt;
          &lt;td&gt;&lt;code&gt;PUT&lt;/code&gt;&lt;/td&gt;
          &lt;td&gt;Content-Type: application/json&lt;/td&gt;
          &lt;td&gt;&lt;code&gt;
            &quot;_id&quot; : String
            &lt;br&gt;
            &quot;name&quot; : String
            &lt;br&gt;
            &quot;description&quot; : String
            &lt;br&gt;
            &quot;numSales&quot; : Int
          &lt;/code&gt;&lt;/td&gt;
        &lt;/tr&gt;
        &lt;tr&gt;
          &lt;th scope=&quot;row&quot;&gt;/api/:id&lt;/th&gt;
          &lt;td&gt;&lt;code&gt;DELETE&lt;/code&gt;&lt;/td&gt;
          &lt;td&gt;Content-Type: application/json&lt;/td&gt;
          &lt;td&gt;N/A&lt;/td&gt;
        &lt;/tr&gt;
        &lt;/tbody&gt;
      &lt;/table&gt;
    &lt;/div&gt;
  &lt;/div&gt;

&lt;/div&gt;


      &lt;script src=&quot;/assets/javascripts/main.js&quot; type=&quot;text/javascript&quot;&gt;&lt;/script&gt;
    &lt;/body&gt;
&lt;/html&gt;

&quot; did not include substring &quot;Welcome to Play&quot;" type="sbt.ForkMain$ForkError">sbt.ForkMain$ForkError: org.scalatest.exceptions.TestFailedException: &quot;

&lt;!DOCTYPE html&gt;
&lt;html lang=&quot;en&quot;&gt;
    &lt;head&gt;
        
        &lt;title&gt;This is a Play Scala API demo&lt;/title&gt;
        &lt;link rel=&quot;stylesheet&quot; media=&quot;screen&quot; href=&quot;/assets/stylesheets/main.css&quot;&gt;
        &lt;link rel=&quot;shortcut icon&quot; type=&quot;image/png&quot; href=&quot;/assets/images/favicon.png&quot;&gt;

    &lt;/head&gt;
    &lt;body&gt;
        
        

&lt;div class=&quot;container h-100 d-flex justify-content-center&quot;&gt;

  &lt;div class=&quot;jumbotron my-auto&quot;&gt;

    &lt;div class=&quot;container mb-5&quot;&gt;
      &lt;h1 class=&quot;display-3 row&quot;&gt;This is a Play Scala API Demo&lt;/h1&gt;
    &lt;/div&gt;

    &lt;p class=&quot;lead&quot;&gt;
      A demo project based off the &lt;a href=&quot;https://github.com/miranda-hawkes/induction-tutorials/blob/master/Building-A-RESTful-API-With-Scala-Play/README.md&quot;&gt; Building a RESTful API with Scala and Play &lt;/a&gt; tutorial.
    &lt;/p&gt;

    &lt;p class=&quot;lead mb-5&quot;&gt;This project is deployed via Heroku.&lt;/p&gt;

    &lt;h3&gt;API Documentation&lt;/h3&gt;
    &lt;div class=&quot;justify-content-center&quot;&gt;
      &lt;table class=&quot;table&quot;&gt;
        &lt;thead&gt;
        &lt;tr&gt;
          &lt;th scope=&quot;col&quot;&gt;URL&lt;/th&gt;
          &lt;th scope=&quot;col&quot;&gt;HTTP Method&lt;/th&gt;
          &lt;th scope=&quot;col&quot;&gt;Required Header&lt;/th&gt;
          &lt;th scope=&quot;col&quot;&gt;Body&lt;/th&gt;
        &lt;/tr&gt;
        &lt;/thead&gt;
        &lt;tbody&gt;
        &lt;tr&gt;
          &lt;th scope=&quot;row&quot;&gt;/api&lt;/th&gt;
          &lt;td&gt;&lt;code&gt;GET&lt;/code&gt;&lt;/td&gt;
          &lt;td&gt;None&lt;/td&gt;
          &lt;td&gt;N/A&lt;/td&gt;
        &lt;/tr&gt;
        &lt;tr&gt;
          &lt;th scope=&quot;row&quot;&gt;/api&lt;/th&gt;
          &lt;td&gt;&lt;code&gt;POST&lt;/code&gt;&lt;/td&gt;
          &lt;td&gt;Content-Type: application/json&lt;/td&gt;
          &lt;td&gt;&lt;code&gt;
            &quot;_id&quot; : String
            &lt;br&gt;
            &quot;name&quot; : String
            &lt;br&gt;
            &quot;description&quot; : String
            &lt;br&gt;
            &quot;numSales&quot; : Int
          &lt;/code&gt;&lt;/td&gt;
        &lt;/tr&gt;
        &lt;tr&gt;
          &lt;th scope=&quot;row&quot;&gt;/api/:id&lt;/th&gt;
          &lt;td&gt;&lt;code&gt;GET&lt;/code&gt;&lt;/td&gt;
          &lt;td&gt;None&lt;/td&gt;
          &lt;td&gt;N/A&lt;/td&gt;
        &lt;/tr&gt;
        &lt;tr&gt;
          &lt;th scope=&quot;row&quot;&gt;/api/:id&lt;/th&gt;
          &lt;td&gt;&lt;code&gt;PUT&lt;/code&gt;&lt;/td&gt;
          &lt;td&gt;Content-Type: application/json&lt;/td&gt;
          &lt;td&gt;&lt;code&gt;
            &quot;_id&quot; : String
            &lt;br&gt;
            &quot;name&quot; : String
            &lt;br&gt;
            &quot;description&quot; : String
            &lt;br&gt;
            &quot;numSales&quot; : Int
          &lt;/code&gt;&lt;/td&gt;
        &lt;/tr&gt;
        &lt;tr&gt;
          &lt;th scope=&quot;row&quot;&gt;/api/:id&lt;/th&gt;
          &lt;td&gt;&lt;code&gt;DELETE&lt;/code&gt;&lt;/td&gt;
          &lt;td&gt;Content-Type: application/json&lt;/td&gt;
          &lt;td&gt;N/A&lt;/td&gt;
        &lt;/tr&gt;
        &lt;/tbody&gt;
      &lt;/table&gt;
    &lt;/div&gt;
  &lt;/div&gt;

&lt;/div&gt;


      &lt;script src=&quot;/assets/javascripts/main.js&quot; type=&quot;text/javascript&quot;&gt;&lt;/script&gt;
    &lt;/body&gt;
&lt;/html&gt;

&quot; did not include substring &quot;Welcome to Play&quot;
	at org.scalatest.matchers.MatchersHelper$.indicateFailure(MatchersHelper.scala:402)
	at org.scalatest.matchers.must.Matchers$MustMethodHelperClass.mustMatcher(Matchers.scala:6783)
	at org.scalatest.matchers.must.Matchers$AnyMustWrapper.must(Matchers.scala:6826)
	at scala.HomeControllerSpec.$anonfun$new$3(HomeControllerSpec.scala:36)
	at org.scalatest.OutcomeOf.outcomeOf(OutcomeOf.scala:85)
	at org.scalatest.OutcomeOf.outcomeOf$(OutcomeOf.scala:83)
	at org.scalatest.OutcomeOf$.outcomeOf(OutcomeOf.scala:104)
	at org.scalatest.Transformer.apply(Transformer.scala:22)
	at org.scalatest.Transformer.apply(Transformer.scala:20)
	at org.scalatest.wordspec.AnyWordSpecLike$$anon$3.apply(AnyWordSpecLike.scala:1077)
	at org.scalatest.TestSuite.withFixture(TestSuite.scala:196)
	at org.scalatest.TestSuite.withFixture$(TestSuite.scala:195)
	at org.scalatest.wordspec.AnyWordSpec.withFixture(AnyWordSpec.scala:1879)
	at org.scalatest.wordspec.AnyWordSpecLike.invokeWithFixture$1(AnyWordSpecLike.scala:1075)
	at org.scalatest.wordspec.AnyWordSpecLike.$anonfun$runTest$1(AnyWordSpecLike.scala:1087)
	at org.scalatest.SuperEngine.runTestImpl(Engine.scala:306)
	at org.scalatest.wordspec.AnyWordSpecLike.runTest(AnyWordSpecLike.scala:1087)
	at org.scalatest.wordspec.AnyWordSpecLike.runTest$(AnyWordSpecLike.scala:1069)
	at org.scalatest.wordspec.AnyWordSpec.runTest(AnyWordSpec.scala:1879)
	at org.scalatest.wordspec.AnyWordSpecLike.$anonfun$runTests$1(AnyWordSpecLike.scala:1146)
	at org.scalatest.SuperEngine.$anonfun$runTestsInBranch$1(Engine.scala:413)
	at scala.collection.immutable.List.foreach(List.scala:333)
	at org.scalatest.SuperEngine.traverseSubNodes$1(Engine.scala:401)
	at org.scalatest.SuperEngine.runTestsInBranch(Engine.scala:390)
	at org.scalatest.SuperEngine.$anonfun$runTestsInBranch$1(Engine.scala:427)
	at scala.collection.immutable.List.foreach(List.scala:333)
	at org.scalatest.SuperEngine.traverseSubNodes$1(Engine.scala:401)
	at org.scalatest.SuperEngine.runTestsInBranch(Engine.scala:396)
	at org.scalatest.SuperEngine.runTestsImpl(Engine.scala:475)
	at org.scalatest.wordspec.AnyWordSpecLike.runTests(AnyWordSpecLike.scala:1146)
	at org.scalatest.wordspec.AnyWordSpecLike.runTests$(AnyWordSpecLike.scala:1145)
	at org.scalatest.wordspec.AnyWordSpec.runTests(AnyWordSpec.scala:1879)
	at org.scalatest.Suite.run(Suite.scala:1112)
	at org.scalatest.Suite.run$(Suite.scala:1094)
	at org.scalatest.wordspec.AnyWordSpec.org$scalatest$wordspec$AnyWordSpecLike$$super$run(AnyWordSpec.scala:1879)
	at org.scalatest.wordspec.AnyWordSpecLike.$anonfun$run$1(AnyWordSpecLike.scala:1191)
	at org.scalatest.SuperEngine.runImpl(Engine.scala:535)
	at org.scalatest.wordspec.AnyWordSpecLike.run(AnyWordSpecLike.scala:1191)
	at org.scalatest.wordspec.AnyWordSpecLike.run$(AnyWordSpecLike.scala:1189)
	at scala.HomeControllerSpec.org$scalatestplus$play$BaseOneAppPerSuite$$super$run(HomeControllerSpec.scala:15)
	at org.scalatestplus.play.BaseOneAppPerSuite.run(BaseOneAppPerSuite.scala:50)
	at org.scalatestplus.play.BaseOneAppPerSuite.run$(BaseOneAppPerSuite.scala:45)
	at scala.HomeControllerSpec.run(HomeControllerSpec.scala:15)
	at org.scalatest.tools.Framework.org$scalatest$tools$Framework$$runSuite(Framework.scala:318)
	at org.scalatest.tools.Framework$ScalaTestTask.execute(Framework.scala:513)
	at sbt.ForkMain$Run.lambda$runTest$1(ForkMain.java:413)
	at java.base/java.util.concurrent.FutureTask.run(FutureTask.java:264)
	at java.base/java.util.concurrent.ThreadPoolExecutor.runWorker(ThreadPoolExecutor.java:1128)
	at java.base/java.util.concurrent.ThreadPoolExecutor$Worker.run(ThreadPoolExecutor.java:628)
	at java.base/java.lang.Thread.run(Thread.java:834)
</failure>
                    </testcase><testcase classname="scala.HomeControllerSpec" name="HomeController GET should render the index page from the router" time="5.16">
                      <failure message="com.google.inject.ProvisionException: Unable to provision, see the following errors:

1) Error injecting constructor, java.util.concurrent.TimeoutException: Future timed out after [5 seconds]
  at repositories.DataRepository.&lt;init&gt;(DataRepository.scala:15)
  at repositories.DataRepository.class(DataRepository.scala:15)
  while locating repositories.DataRepository
    for the 2nd parameter of controllers.ApplicationController.&lt;init&gt;(ApplicationController.scala:13)
  while locating controllers.ApplicationController
    for the 4th parameter of router.Routes.&lt;init&gt;(Routes.scala:32)
  while locating router.Routes
  while locating play.api.inject.RoutesProvider
  while locating play.api.routing.Router

1 error" type="sbt.ForkMain$ForkError">sbt.ForkMain$ForkError: com.google.inject.ProvisionException: Unable to provision, see the following errors:

1) Error injecting constructor, java.util.concurrent.TimeoutException: Future timed out after [5 seconds]
  at repositories.DataRepository.&lt;init&gt;(DataRepository.scala:15)
  at repositories.DataRepository.class(DataRepository.scala:15)
  while locating repositories.DataRepository
    for the 2nd parameter of controllers.ApplicationController.&lt;init&gt;(ApplicationController.scala:13)
  while locating controllers.ApplicationController
    for the 4th parameter of router.Routes.&lt;init&gt;(Routes.scala:32)
  while locating router.Routes
  while locating play.api.inject.RoutesProvider
  while locating play.api.routing.Router

1 error
	at com.google.inject.internal.InternalProvisionException.toProvisionException(InternalProvisionException.java:226)
	at com.google.inject.internal.InjectorImpl$1.get(InjectorImpl.java:1097)
	at play.api.http.DefaultHttpRequestHandler.routeRequest(HttpRequestHandler.scala:289)
	at play.api.http.JavaCompatibleHttpRequestHandler.routeRequest(HttpRequestHandler.scala:396)
	at play.api.http.DefaultHttpRequestHandler.routeWithFallback$1(HttpRequestHandler.scala:187)
	at play.api.http.DefaultHttpRequestHandler.handlerForRequest(HttpRequestHandler.scala:237)
	at play.api.test.RouteInvokers.route(Helpers.scala:288)
	at play.api.test.RouteInvokers.route$(Helpers.scala:287)
	at play.api.test.Helpers$.route(Helpers.scala:672)
	at play.api.test.RouteInvokers.route(Helpers.scala:303)
	at play.api.test.RouteInvokers.route$(Helpers.scala:302)
	at play.api.test.Helpers$.route(Helpers.scala:672)
	at scala.HomeControllerSpec.$anonfun$new$4(HomeControllerSpec.scala:41)
	at org.scalatest.OutcomeOf.outcomeOf(OutcomeOf.scala:85)
	at org.scalatest.OutcomeOf.outcomeOf$(OutcomeOf.scala:83)
	at org.scalatest.OutcomeOf$.outcomeOf(OutcomeOf.scala:104)
	at org.scalatest.Transformer.apply(Transformer.scala:22)
	at org.scalatest.Transformer.apply(Transformer.scala:20)
	at org.scalatest.wordspec.AnyWordSpecLike$$anon$3.apply(AnyWordSpecLike.scala:1077)
	at org.scalatest.TestSuite.withFixture(TestSuite.scala:196)
	at org.scalatest.TestSuite.withFixture$(TestSuite.scala:195)
	at org.scalatest.wordspec.AnyWordSpec.withFixture(AnyWordSpec.scala:1879)
	at org.scalatest.wordspec.AnyWordSpecLike.invokeWithFixture$1(AnyWordSpecLike.scala:1075)
	at org.scalatest.wordspec.AnyWordSpecLike.$anonfun$runTest$1(AnyWordSpecLike.scala:1087)
	at org.scalatest.SuperEngine.runTestImpl(Engine.scala:306)
	at org.scalatest.wordspec.AnyWordSpecLike.runTest(AnyWordSpecLike.scala:1087)
	at org.scalatest.wordspec.AnyWordSpecLike.runTest$(AnyWordSpecLike.scala:1069)
	at org.scalatest.wordspec.AnyWordSpec.runTest(AnyWordSpec.scala:1879)
	at org.scalatest.wordspec.AnyWordSpecLike.$anonfun$runTests$1(AnyWordSpecLike.scala:1146)
	at org.scalatest.SuperEngine.$anonfun$runTestsInBranch$1(Engine.scala:413)
	at scala.collection.immutable.List.foreach(List.scala:333)
	at org.scalatest.SuperEngine.traverseSubNodes$1(Engine.scala:401)
	at org.scalatest.SuperEngine.runTestsInBranch(Engine.scala:390)
	at org.scalatest.SuperEngine.$anonfun$runTestsInBranch$1(Engine.scala:427)
	at scala.collection.immutable.List.foreach(List.scala:333)
	at org.scalatest.SuperEngine.traverseSubNodes$1(Engine.scala:401)
	at org.scalatest.SuperEngine.runTestsInBranch(Engine.scala:396)
	at org.scalatest.SuperEngine.runTestsImpl(Engine.scala:475)
	at org.scalatest.wordspec.AnyWordSpecLike.runTests(AnyWordSpecLike.scala:1146)
	at org.scalatest.wordspec.AnyWordSpecLike.runTests$(AnyWordSpecLike.scala:1145)
	at org.scalatest.wordspec.AnyWordSpec.runTests(AnyWordSpec.scala:1879)
	at org.scalatest.Suite.run(Suite.scala:1112)
	at org.scalatest.Suite.run$(Suite.scala:1094)
	at org.scalatest.wordspec.AnyWordSpec.org$scalatest$wordspec$AnyWordSpecLike$$super$run(AnyWordSpec.scala:1879)
	at org.scalatest.wordspec.AnyWordSpecLike.$anonfun$run$1(AnyWordSpecLike.scala:1191)
	at org.scalatest.SuperEngine.runImpl(Engine.scala:535)
	at org.scalatest.wordspec.AnyWordSpecLike.run(AnyWordSpecLike.scala:1191)
	at org.scalatest.wordspec.AnyWordSpecLike.run$(AnyWordSpecLike.scala:1189)
	at scala.HomeControllerSpec.org$scalatestplus$play$BaseOneAppPerSuite$$super$run(HomeControllerSpec.scala:15)
	at org.scalatestplus.play.BaseOneAppPerSuite.run(BaseOneAppPerSuite.scala:50)
	at org.scalatestplus.play.BaseOneAppPerSuite.run$(BaseOneAppPerSuite.scala:45)
	at scala.HomeControllerSpec.run(HomeControllerSpec.scala:15)
	at org.scalatest.tools.Framework.org$scalatest$tools$Framework$$runSuite(Framework.scala:318)
	at org.scalatest.tools.Framework$ScalaTestTask.execute(Framework.scala:513)
	at sbt.ForkMain$Run.lambda$runTest$1(ForkMain.java:413)
	at java.base/java.util.concurrent.FutureTask.run(FutureTask.java:264)
	at java.base/java.util.concurrent.ThreadPoolExecutor.runWorker(ThreadPoolExecutor.java:1128)
	at java.base/java.util.concurrent.ThreadPoolExecutor$Worker.run(ThreadPoolExecutor.java:628)
	at java.base/java.lang.Thread.run(Thread.java:834)
Caused by: sbt.ForkMain$ForkError: java.util.concurrent.TimeoutException: Future timed out after [5 seconds]
	at scala.concurrent.impl.Promise$DefaultPromise.tryAwait0(Promise.scala:248)
	at scala.concurrent.impl.Promise$DefaultPromise.result(Promise.scala:261)
	at scala.concurrent.Await$.$anonfun$result$1(package.scala:201)
	at scala.concurrent.BlockContext$DefaultBlockContext$.blockOn(BlockContext.scala:62)
	at scala.concurrent.Await$.result(package.scala:124)
	at uk.gov.hmrc.mongo.play.json.PlayMongoRepository.&lt;init&gt;(PlayMongoRepository.scala:56)
	at repositories.DataRepository.&lt;init&gt;(DataRepository.scala:15)
	at repositories.DataRepository$$FastClassByGuice$$b3be7ffa.newInstance(&lt;generated&gt;)
	at com.google.inject.internal.DefaultConstructionProxyFactory$FastClassProxy.newInstance(DefaultConstructionProxyFactory.java:89)
	at com.google.inject.internal.ConstructorInjector.provision(ConstructorInjector.java:114)
	at com.google.inject.internal.ConstructorInjector.construct(ConstructorInjector.java:91)
	at com.google.inject.internal.ConstructorBindingImpl$Factory.get(ConstructorBindingImpl.java:306)
	at com.google.inject.internal.ProviderToInternalFactoryAdapter.get(ProviderToInternalFactoryAdapter.java:40)
	at com.google.inject.internal.SingletonScope$1.get(SingletonScope.java:168)
	at com.google.inject.internal.InternalFactoryToProviderAdapter.get(InternalFactoryToProviderAdapter.java:39)
	at com.google.inject.internal.SingleParameterInjector.inject(SingleParameterInjector.java:42)
	at com.google.inject.internal.SingleParameterInjector.getAll(SingleParameterInjector.java:65)
	at com.google.inject.internal.ConstructorInjector.provision(ConstructorInjector.java:113)
	at com.google.inject.internal.ConstructorInjector.construct(ConstructorInjector.java:91)
	at com.google.inject.internal.ConstructorBindingImpl$Factory.get(ConstructorBindingImpl.java:306)
	at com.google.inject.internal.SingleParameterInjector.inject(SingleParameterInjector.java:42)
	at com.google.inject.internal.SingleParameterInjector.getAll(SingleParameterInjector.java:65)
	at com.google.inject.internal.ConstructorInjector.provision(ConstructorInjector.java:113)
	at com.google.inject.internal.ConstructorInjector.construct(ConstructorInjector.java:91)
	at com.google.inject.internal.ConstructorBindingImpl$Factory.get(ConstructorBindingImpl.java:306)
	at com.google.inject.internal.InjectorImpl$1.get(InjectorImpl.java:1094)
	at com.google.inject.internal.InjectorImpl.getInstance(InjectorImpl.java:1131)
	at play.api.inject.guice.GuiceInjector.instanceOf(GuiceInjectorBuilder.scala:436)
	at play.api.inject.ContextClassLoaderInjector.$anonfun$instanceOf$3(Injector.scala:120)
	at play.api.inject.ContextClassLoaderInjector.withContext(Injector.scala:128)
	at play.api.inject.ContextClassLoaderInjector.instanceOf(Injector.scala:120)
	at play.api.inject.RoutesProvider.$anonfun$get$2(BuiltinModule.scala:121)
	at scala.Option.fold(Option.scala:263)
	at play.api.inject.RoutesProvider.get$lzycompute(BuiltinModule.scala:121)
	at play.api.inject.RoutesProvider.get(BuiltinModule.scala:116)
	at play.api.inject.RoutesProvider.get(BuiltinModule.scala:110)
	at com.google.inject.internal.ProviderInternalFactory.provision(ProviderInternalFactory.java:85)
	at com.google.inject.internal.BoundProviderFactory.provision(BoundProviderFactory.java:77)
	at com.google.inject.internal.ProviderInternalFactory.circularGet(ProviderInternalFactory.java:59)
	at com.google.inject.internal.BoundProviderFactory.get(BoundProviderFactory.java:61)
	at com.google.inject.internal.InjectorImpl$1.get(InjectorImpl.java:1094)
	... 57 more
</failure>
                    </testcase>
          <system-out><![CDATA[]]></system-out>
          <system-err><![CDATA[]]></system-err>
        </testsuite>