<?xml version='1.0' encoding='UTF-8'?>
<testsuite hostname="Vedants-MacBook-Pro.local" name="controllers.LibraryServiceSpec" tests="2" errors="0" failures="0" skipped="0" time="0.074" timestamp="2023-11-16T10:29:46">
          <properties>
[...]
</properties>
          <testcase classname="controllers.LibraryServiceSpec" name="getGoogleBook should return a book" time="0.073">
                      
                    </testcase><testcase classname="controllers.LibraryServiceSpec" name="an error case should return an error" time="0.001">
                      
                    </testcase>
          <system-out><![CDATA[]]></system-out>
          <system-err><![CDATA[]]></system-err>
        </testsuite>